<?xml version="1.0" encoding="UTF-8"?>
<!-- Generated by org.testng.reporters.JUnitReportReporter -->
<testsuite skipped="0" hostname="Saurabhs-MacBook-Air.local" name="com.wallethub.SeleniumAssignment2" tests="1" failures="0" timestamp="18 Nov 2018 12:03:16 GMT" time="37.718" errors="0">
  <testcase name="writeReview" time="37.718" classname="com.wallethub.SeleniumAssignment2"/>
</testsuite> <!-- com.wallethub.SeleniumAssignment2 -->
