<?xml version="1.0" encoding="UTF-8"?>
<!-- Generated by org.testng.reporters.JUnitReportReporter -->
<testsuite skipped="0" hostname="Saurabhs-MacBook-Air.local" name="com.wallethub.SeleniumAssignment1" tests="1" failures="0" timestamp="18 Nov 2018 10:00:39 GMT" time="27.277" errors="0">
  <testcase name="facebookMessage" time="27.277" classname="com.wallethub.SeleniumAssignment1"/>
</testsuite> <!-- com.wallethub.SeleniumAssignment1 -->
